<?xml version="1.0" encoding="UTF-8"?>
<!-- Generated by org.testng.reporters.JUnitReportReporter -->
<testsuite hostname="RamaKrishna-PC" name="com.hrms.TestScripts.TC_hrms_104_TestNG" tests="1" failures="0" timestamp="6 Nov 2018 09:17:55 GMT" time="25.439" errors="0">
  <testcase name="TC_104" time="25.439" classname="com.hrms.TestScripts.TC_hrms_104_TestNG"/>
</testsuite> <!-- com.hrms.TestScripts.TC_hrms_104_TestNG -->
