<?xml version="1.0" encoding="UTF-8"?>
<!-- Generated by org.testng.reporters.JUnitReportReporter -->
<testsuite hostname="RamaKrishna-PC" name="com.utility.TC_LOG4J_504" tests="1" failures="0" timestamp="6 Sep 2018 14:39:05 GMT" time="21.437" errors="0">
  <testcase name="log4jlogin" time="21.437" classname="com.utility.TC_LOG4J_504"/>
</testsuite> <!-- com.utility.TC_LOG4J_504 -->
