<?xml version="1.0" encoding="UTF-8"?>
<!-- Generated by org.testng.reporters.JUnitReportReporter -->
<testsuite hostname="RamaKrishna-PC" name="com.hrms.TestScripts.TC_LOG4J_504" tests="1" failures="0" timestamp="6 Nov 2018 09:09:53 GMT" time="16.963" errors="0">
  <testcase name="log4jlogin" time="16.963" classname="com.hrms.TestScripts.TC_LOG4J_504"/>
</testsuite> <!-- com.hrms.TestScripts.TC_LOG4J_504 -->
