<?xml version="1.0" encoding="UTF-8"?>
<!-- Generated by org.testng.reporters.JUnitReportReporter -->
<testsuite hostname="RamaKrishna-PC" name="com.hrms.TestScripts.TC_hrms_101" tests="1" failures="0" timestamp="6 Nov 2018 08:32:08 GMT" time="22.604" errors="0">
  <testcase name="TC_1" time="22.604" classname="com.hrms.TestScripts.TC_hrms_101"/>
</testsuite> <!-- com.hrms.TestScripts.TC_hrms_101 -->
