<?xml version="1.0" encoding="UTF-8"?>
<!-- Generated by org.testng.reporters.JUnitReportReporter -->
<testsuite skipped="8" hostname="LTA1SKIVA4" name="testcase.Login_TC" tests="9" failures="0" timestamp="19 Feb 2019 07:58:32 GMT" time="19.617" errors="0">
  <testcase name="loginTitle" time="19.617" classname="testcase.Login_TC"/>
  <testcase name="logo" classname="testcase.Login_TC">
    <skipped/>
  </testcase> <!-- logo -->
  <testcase name="expireSession" classname="testcase.Login_TC">
    <skipped/>
  </testcase> <!-- expireSession -->
  <testcase name="autoLogOut" classname="testcase.Login_TC">
    <skipped/>
  </testcase> <!-- autoLogOut -->
  <testcase name="logout" classname="testcase.Login_TC">
    <skipped/>
  </testcase> <!-- logout -->
  <testcase name="labelText" classname="testcase.Login_TC">
    <skipped/>
  </testcase> <!-- labelText -->
  <testcase name="footerAtLogin" classname="testcase.Login_TC">
    <skipped/>
  </testcase> <!-- footerAtLogin -->
  <testcase name="headerAtLogin" classname="testcase.Login_TC">
    <skipped/>
  </testcase> <!-- headerAtLogin -->
  <testcase name="logintoCyberSafe" classname="testcase.Login_TC">
    <skipped/>
  </testcase> <!-- logintoCyberSafe -->
</testsuite> <!-- testcase.Login_TC -->
