<?xml version="1.0" encoding="UTF-8"?>
<!-- Generated by org.testng.reporters.JUnitReportReporter -->
<testsuite skipped="0" hostname="LTA1SKIVA4" name="testcase.EntityRegistrationTestCase" tests="1" failures="0" timestamp="07 May 2019 07:22:36 GMT" time="35.482" errors="0">
  <testcase name="createEntityRegistration" time="35.482" classname="testcase.EntityRegistrationTestCase"/>
</testsuite> <!-- testcase.EntityRegistrationTestCase -->
