<?xml version="1.0" encoding="UTF-8"?>
<!-- Generated by org.testng.reporters.JUnitReportReporter -->
<testsuite skipped="0" hostname="LTA1SKIVA4" name="testcase.EntityRegistrationFormTestCase" tests="1" failures="0" timestamp="17 Jun 2019 10:42:08 GMT" time="27.660" errors="0">
  <testcase name="createEntityRegistrationForm" time="27.660" classname="testcase.EntityRegistrationFormTestCase"/>
</testsuite> <!-- testcase.EntityRegistrationFormTestCase -->
