<?xml version="1.0" encoding="UTF-8"?>
<!-- Generated by org.testng.reporters.JUnitReportReporter -->
<testsuite skipped="0" hostname="LTA1SKIVA4" name="SeleniumDemo.ParameterDemo" tests="1" failures="0" timestamp="27 Jun 2019 07:36:23 GMT" time="9.138" errors="0">
  <testcase name="testParameter" time="9.138" classname="SeleniumDemo.ParameterDemo"/>
</testsuite> <!-- SeleniumDemo.ParameterDemo -->
