<?xml version="1.0" encoding="UTF-8"?>
<!-- Generated by org.testng.reporters.JUnitReportReporter -->
<testsuite skipped="0" hostname="LTA1SKIVA4" name="com.TestMethod.EntityManagementTestCases" tests="1" failures="0" timestamp="01 Oct 2018 10:54:18 GMT" time="38.175" errors="0">
  <testcase name="verifyEntityLandingPage" time="38.175" classname="com.TestMethod.EntityManagementTestCases"/>
</testsuite> <!-- com.TestMethod.EntityManagementTestCases -->
