<?xml version="1.0" encoding="UTF-8"?>
<!-- Generated by org.testng.reporters.JUnitReportReporter -->
<testsuite skipped="0" hostname="LTA1SKIVA4" name="com.TestMethod.Miscelleneous" tests="1" failures="0" timestamp="22 Sep 2018 17:32:43 GMT" time="11.049" errors="0">
  <testcase name="url_Spilt" time="11.049" classname="com.TestMethod.Miscelleneous"/>
</testsuite> <!-- com.TestMethod.Miscelleneous -->
