<?xml version="1.0" encoding="UTF-8"?>
<!-- Generated by org.testng.reporters.JUnitReportReporter -->
<testsuite skipped="0" hostname="LTA1SKIVA4" name="com.TestMethod.FraudManagementTestCases" tests="1" failures="0" timestamp="11 Oct 2018 10:50:09 GMT" time="57.501" errors="0">
  <testcase name="verifyViewLandingPage" time="57.501" classname="com.TestMethod.FraudManagementTestCases"/>
</testsuite> <!-- com.TestMethod.FraudManagementTestCases -->
